\BOOKMARK [1][-]{section.1}{\376\377\0001\000\040\000I\000n\000t\000r\000o\000d\000u\000c\000t\000i\000o\000n}{}% 1
\BOOKMARK [1][-]{section.2}{\376\377\0002\000\040\000P\000r\000e\000l\000i\000m\000i\000n\000a\000r\000i\000e\000s}{}% 2
\BOOKMARK [2][-]{subsection.2.1}{\376\377\0002\000.\0001\000\040\000L\000a\000t\000t\000i\000c\000e\000-\000B\000a\000s\000e\000d\000\040\000C\000r\000y\000p\000t\000o\000g\000r\000a\000p\000h\000y}{section.2}% 3
\BOOKMARK [2][-]{subsection.2.2}{\376\377\0002\000.\0002\000\040\000L\000e\000a\000r\000n\000i\000n\000g\000\040\000w\000i\000t\000h\000\040\000E\000r\000r\000o\000r\000s\000\040\000\050\000L\000W\000E\000\051\000\040\000P\000r\000o\000b\000l\000e\000m}{section.2}% 4
\BOOKMARK [2][-]{subsection.2.3}{\376\377\0002\000.\0003\000\040\000R\000i\000n\000g\000\040\000L\000e\000a\000r\000n\000i\000n\000g\000\040\000w\000i\000t\000h\000\040\000E\000r\000r\000o\000r\000s\000\040\000\050\000R\000L\000W\000E\000\051\000\040\000P\000r\000o\000b\000l\000e\000m}{section.2}% 5
\BOOKMARK [2][-]{subsection.2.4}{\376\377\0002\000.\0004\000\040\000M\000o\000d\000u\000l\000e\000\040\000L\000e\000a\000r\000n\000i\000n\000g\000\040\000w\000i\000t\000h\000\040\000E\000r\000r\000o\000r\000s\000\040\000\050\000M\000L\000W\000E\000\051\000\040\000P\000r\000o\000b\000l\000e\000m}{section.2}% 6
\BOOKMARK [2][-]{subsection.2.5}{\376\377\0002\000.\0005\000\040\000F\000u\000l\000l\000y\000\040\000H\000o\000m\000o\000m\000o\000r\000p\000h\000i\000c\000\040\000E\000n\000c\000r\000y\000p\000t\000i\000o\000n\000\040\000a\000n\000d\000\040\000B\000o\000o\000t\000s\000t\000r\000a\000p\000p\000i\000n\000g}{section.2}% 7
\BOOKMARK [2][-]{subsection.2.6}{\376\377\0002\000.\0006\000\040\000C\000h\000e\000o\000n\000-\000K\000i\000m\000-\000K\000i\000m\000-\000S\000o\000n\000g\000\040\000h\000o\000m\000o\000m\000o\000r\000p\000h\000i\000c\000\040\000e\000n\000c\000r\000y\000p\000t\000i\000o\000n\000\040\000s\000c\000h\000e\000m\000e}{section.2}% 8
\BOOKMARK [2][-]{subsection.2.7}{\376\377\0002\000.\0007\000\040\000L\000o\000g\000i\000s\000t\000i\000c\000\040\000R\000e\000g\000r\000e\000s\000s\000i\000o\000n}{section.2}% 9
\BOOKMARK [2][-]{subsection.2.8}{\376\377\0002\000.\0008\000\040\000O\000p\000t\000i\000m\000i\000s\000a\000t\000i\000o\000n\000\040\000M\000e\000t\000h\000o\000d\000s\000\040\000f\000o\000r\000\040\000L\000o\000g\000i\000s\000t\000i\000c\000\040\000R\000e\000g\000r\000e\000s\000s\000i\000o\000n\000\040\000w\000i\000t\000h\000\040\000C\000K\000K\000S}{section.2}% 10
\BOOKMARK [2][-]{subsection.2.9}{\376\377\0002\000.\0009\000\040\000G\000r\000a\000d\000i\000e\000n\000t\000\040\000D\000e\000s\000c\000e\000n\000t}{section.2}% 11
\BOOKMARK [1][-]{section.3}{\376\377\0003\000\040\000R\000e\000l\000a\000t\000e\000d\000\040\000W\000o\000r\000k}{}% 12
\BOOKMARK [2][-]{subsection.3.1}{\376\377\0003\000.\0001\000\040\000S\000e\000c\000u\000r\000e\000\040\000l\000o\000g\000i\000s\000t\000i\000c\000\040\000r\000e\000g\000r\000e\000s\000s\000i\000o\000n\000\040\000B\000a\000s\000e\000d\000\040\000o\000n\000\040\000H\000o\000m\000o\000m\000o\000r\000p\000h\000i\000c\000\040\000E\000n\000c\000r\000y\000p\000t\000i\000o\000n\000:\000\040\000D\000e\000s\000i\000g\000n\000\040\000a\000n\000d\000\040\000E\000v\000a\000l\000u\000a\000t\000i\000o\000n}{section.3}% 13
\BOOKMARK [2][-]{subsection.3.2}{\376\377\0003\000.\0002\000\040\000L\000o\000g\000i\000s\000t\000i\000c\000\040\000r\000e\000g\000r\000e\000s\000s\000i\000o\000n\000\040\000m\000o\000d\000e\000l\000\040\000t\000r\000a\000i\000n\000i\000n\000g\000\040\000b\000a\000s\000e\000d\000\040\000o\000n\000\040\000a\000p\000p\000r\000o\000x\000i\000m\000a\000t\000e\000\040\000h\000o\000m\000o\000m\000o\000r\000p\000h\000i\000c\000\040\000e\000n\000c\000r\000y\000p\000t\000i\000o\000n}{section.3}% 14
\BOOKMARK [1][-]{section.4}{\376\377\0004\000\040\000E\000v\000a\000l\000u\000a\000t\000i\000o\000n}{}% 15
\BOOKMARK [2][-]{subsection.4.1}{\376\377\0004\000.\0001\000\040\000I\000m\000p\000l\000e\000m\000e\000n\000t\000a\000t\000i\000o\000n}{section.4}% 16
\BOOKMARK [2][-]{subsection.4.2}{\376\377\0004\000.\0002\000\040\000D\000a\000t\000a\000s\000e\000t\000s}{section.4}% 17
\BOOKMARK [2][-]{subsection.4.3}{\376\377\0004\000.\0003\000\040\000E\000x\000p\000e\000r\000i\000m\000e\000n\000t\000\040\000R\000e\000s\000u\000l\000t}{section.4}% 18
\BOOKMARK [1][-]{section.5}{\376\377\0005\000\040\000P\000a\000r\000a\000l\000l\000e\000l\000i\000z\000a\000t\000i\000o\000n\000\040\000o\000f\000\040\000l\000e\000a\000r\000n\000i\000n\000g}{}% 19
\BOOKMARK [2][-]{subsection.5.1}{\376\377\0005\000.\0001\000\040\000R\000e\000s\000u\000l\000t\000s\000\040\000a\000n\000d\000\040\000c\000o\000n\000c\000l\000u\000s\000i\000o\000n\000s}{section.5}% 20
\BOOKMARK [1][-]{section.6}{\376\377\0006\000\040\000V\000e\000c\000t\000o\000r\000i\000z\000a\000t\000i\000o\000n\000\040\000o\000f\000\040\000d\000a\000t\000a}{}% 21
\BOOKMARK [2][-]{subsection.6.1}{\376\377\0006\000.\0001\000\040\000S\000p\000a\000c\000e\000\040\000r\000e\000q\000u\000i\000r\000e\000m\000e\000n\000t\000s}{section.6}% 22
\BOOKMARK [2][-]{subsection.6.2}{\376\377\0006\000.\0002\000\040\000C\000a\000l\000c\000u\000l\000a\000t\000i\000o\000n\000\040\000w\000i\000t\000h\000\040\000v\000e\000c\000t\000o\000r\000i\000z\000e\000d\000\040\000d\000a\000t\000a}{section.6}% 23
\BOOKMARK [1][-]{section.7}{\376\377\0007\000\040\000S\000u\000m\000m\000a\000r\000y\000\040\000a\000n\000d\000\040\000o\000u\000t\000l\000o\000o\000k}{}% 24
\BOOKMARK [1][-]{section*.15}{\376\377\000\040\000R\000e\000f\000e\000r\000e\000n\000c\000e\000s}{}% 25
