This is pdfTeX, Version 3.141592653-2.6-1.40.27 (MiKTeX 25.4) (preloaded format=pdflatex 2025.8.1)  11 AUG 2025 13:53
entering extended mode
 restricted \write18 enabled.
 file:line:error style messages enabled.
 %&-line parsing enabled.
**c:/Users/wongy/OneDrive/p/monash/LabResults/main.tex
(c:/Users/wongy/OneDrive/p/monash/LabResults/main.tex
LaTeX2e <2025-06-01> patch level 1
L3 programming layer <2025-07-19>
(mlai-report.cls
Document Class: mlai-report 2020/09/25 MLAI Report
(C:\Users\wongy\AppData\Local\Programs\MiKTeX\tex/latex/base\article.cls
Document Class: article 2025/01/22 v1.4n Standard LaTeX document class
(C:\Users\wongy\AppData\Local\Programs\MiKTeX\tex/latex/base\fleqn.clo
File: fleqn.clo 2016/12/29 v1.2b Standard LaTeX option (flush left equations)
\mathindent=\skip49
Applying: [2015/01/01] Make \[ robust on input line 50.
LaTeX Info: Redefining \[ on input line 51.
Already applied: [0000/00/00] Make \[ robust on input line 62.
Applying: [2015/01/01] Make \] robust on input line 74.
LaTeX Info: Redefining \] on input line 75.
Already applied: [0000/00/00] Make \] robust on input line 83.
) (C:\Users\wongy\AppData\Local\Programs\MiKTeX\tex/latex/base\size11.clo
File: size11.clo 2025/01/22 v1.4n Standard LaTeX file (size option)
)
\c@part=\count275
\c@section=\count276
\c@subsection=\count277
\c@subsubsection=\count278
\c@paragraph=\count279
\c@subparagraph=\count280
\c@figure=\count281
\c@table=\count282
\abovecaptionskip=\skip50
\belowcaptionskip=\skip51
\bibindent=\dimen148
) (C:\Users\wongy\AppData\Local\Programs\MiKTeX\tex/latex/geometry\geometry.sty
Package: geometry 2020/01/02 v5.9 Page Geometry
 (C:\Users\wongy\AppData\Local\Programs\MiKTeX\tex/latex/graphics\keyval.sty
Package: keyval 2022/05/29 v1.15 key=value parser (DPC)
\KV@toks@=\toks17
) (C:\Users\wongy\AppData\Local\Programs\MiKTeX\tex/generic/iftex\ifvtex.sty
Package: ifvtex 2019/10/25 v1.7 ifvtex legacy package. Use iftex instead.
 (C:\Users\wongy\AppData\Local\Programs\MiKTeX\tex/generic/iftex\iftex.sty
Package: iftex 2024/12/12 v1.0g TeX engine tests
))
\Gm@cnth=\count283
\Gm@cntv=\count284
\c@Gm@tempcnt=\count285
\Gm@bindingoffset=\dimen149
\Gm@wd@mp=\dimen150
\Gm@odd@mp=\dimen151
\Gm@even@mp=\dimen152
\Gm@layoutwidth=\dimen153
\Gm@layoutheight=\dimen154
\Gm@layouthoffset=\dimen155
\Gm@layoutvoffset=\dimen156
\Gm@dimlist=\toks18
 (C:\Users\wongy\AppData\Local\Programs\MiKTeX\tex/latex/geometry\geometry.cfg)) (C:\Users\wongy\AppData\Local\Programs\MiKTeX\tex/latex/translations\translations.sty
Package: translations 2022/02/05 v1.12 internationalization of LaTeX2e packages (CN)
 (C:\Users\wongy\AppData\Local\Programs\MiKTeX\tex/latex/etoolbox\etoolbox.sty
Package: etoolbox 2025/02/11 v2.5l e-TeX tools for LaTeX (JAW)
\etb@tempcnta=\count286
) (C:\Users\wongy\AppData\Local\Programs\MiKTeX\tex/generic/pdftexcmds\pdftexcmds.sty
Package: pdftexcmds 2020-06-27 v0.33 Utility functions of pdfTeX for LuaTeX (HO)
 (C:\Users\wongy\AppData\Local\Programs\MiKTeX\tex/generic/infwarerr\infwarerr.sty
Package: infwarerr 2019/12/03 v1.5 Providing info/warning/error messages (HO)
) (C:\Users\wongy\AppData\Local\Programs\MiKTeX\tex/generic/ltxcmds\ltxcmds.sty
Package: ltxcmds 2023-12-04 v1.26 LaTeX kernel commands for general use (HO)
)
Package pdftexcmds Info: \pdf@primitive is available.
Package pdftexcmds Info: \pdf@ifprimitive is available.
Package pdftexcmds Info: \pdfdraftmode found.
)) (C:\Users\wongy\AppData\Local\Programs\MiKTeX\tex/latex/xcolor\xcolor.sty
Package: xcolor 2024/09/29 v3.02 LaTeX color extensions (UK)
 (C:\Users\wongy\AppData\Local\Programs\MiKTeX\tex/latex/graphics-cfg\color.cfg
File: color.cfg 2016/01/02 v1.6 sample color configuration
)
Package xcolor Info: Driver file: pdftex.def on input line 274.
 (C:\Users\wongy\AppData\Local\Programs\MiKTeX\tex/latex/graphics-def\pdftex.def
File: pdftex.def 2024/04/13 v1.2c Graphics/color driver for pdftex
) (C:\Users\wongy\AppData\Local\Programs\MiKTeX\tex/latex/graphics\mathcolor.ltx)
Package xcolor Info: Model `cmy' substituted by `cmy0' on input line 1349.
Package xcolor Info: Model `hsb' substituted by `rgb' on input line 1353.
Package xcolor Info: Model `RGB' extended on input line 1365.
Package xcolor Info: Model `HTML' substituted by `rgb' on input line 1367.
Package xcolor Info: Model `Hsb' substituted by `hsb' on input line 1368.
Package xcolor Info: Model `tHsb' substituted by `hsb' on input line 1369.
Package xcolor Info: Model `HSB' substituted by `hsb' on input line 1370.
Package xcolor Info: Model `Gray' substituted by `gray' on input line 1371.
Package xcolor Info: Model `wave' substituted by `hsb' on input line 1372.
) (C:\Users\wongy\AppData\Local\Programs\MiKTeX\tex/latex/graphics\graphicx.sty
Package: graphicx 2024/12/31 v1.2e Enhanced LaTeX Graphics (DPC,SPQR)
 (C:\Users\wongy\AppData\Local\Programs\MiKTeX\tex/latex/graphics\graphics.sty
Package: graphics 2024/08/06 v1.4g Standard LaTeX Graphics (DPC,SPQR)
 (C:\Users\wongy\AppData\Local\Programs\MiKTeX\tex/latex/graphics\trig.sty
Package: trig 2023/12/02 v1.11 sin cos tan (DPC)
) (C:\Users\wongy\AppData\Local\Programs\MiKTeX\tex/latex/graphics-cfg\graphics.cfg
File: graphics.cfg 2016/06/04 v1.11 sample graphics configuration
)
Package graphics Info: Driver file: pdftex.def on input line 106.
)
\Gin@req@height=\dimen157
\Gin@req@width=\dimen158
) (C:\Users\wongy\AppData\Local\Programs\MiKTeX\tex/latex/booktabs\booktabs.sty
Package: booktabs 2020/01/12 v1.61803398 Publication quality tables
\heavyrulewidth=\dimen159
\lightrulewidth=\dimen160
\cmidrulewidth=\dimen161
\belowrulesep=\dimen162
\belowbottomsep=\dimen163
\aboverulesep=\dimen164
\abovetopsep=\dimen165
\cmidrulesep=\dimen166
\cmidrulekern=\dimen167
\defaultaddspace=\dimen168
\@cmidla=\count287
\@cmidlb=\count288
\@aboverulesep=\dimen169
\@belowrulesep=\dimen170
\@thisruleclass=\count289
\@lastruleclass=\count290
\@thisrulewidth=\dimen171
) (C:\Users\wongy\AppData\Local\Programs\MiKTeX\tex/latex/hyperref\hyperref.sty
Package: hyperref 2025-07-12 v7.01o Hypertext links for LaTeX
 (C:\Users\wongy\AppData\Local\Programs\MiKTeX\tex/latex/kvsetkeys\kvsetkeys.sty
Package: kvsetkeys 2022-10-05 v1.19 Key value parser (HO)
) (C:\Users\wongy\AppData\Local\Programs\MiKTeX\tex/generic/kvdefinekeys\kvdefinekeys.sty
Package: kvdefinekeys 2019-12-19 v1.6 Define keys (HO)
) (C:\Users\wongy\AppData\Local\Programs\MiKTeX\tex/generic/pdfescape\pdfescape.sty
Package: pdfescape 2019/12/09 v1.15 Implements pdfTeX's escape features (HO)
) (C:\Users\wongy\AppData\Local\Programs\MiKTeX\tex/latex/hycolor\hycolor.sty
Package: hycolor 2020-01-27 v1.10 Color options for hyperref/bookmark (HO)
) (C:\Users\wongy\AppData\Local\Programs\MiKTeX\tex/latex/hyperref\nameref.sty
Package: nameref 2025-06-21 v2.57 Cross-referencing by name of section
 (C:\Users\wongy\AppData\Local\Programs\MiKTeX\tex/latex/refcount\refcount.sty
Package: refcount 2019/12/15 v3.6 Data extraction from label references (HO)
) (C:\Users\wongy\AppData\Local\Programs\MiKTeX\tex/generic/gettitlestring\gettitlestring.sty
Package: gettitlestring 2019/12/15 v1.6 Cleanup title references (HO)
 (C:\Users\wongy\AppData\Local\Programs\MiKTeX\tex/latex/kvoptions\kvoptions.sty
Package: kvoptions 2022-06-15 v3.15 Key value format for package options (HO)
))
\c@section@level=\count291
) (C:\Users\wongy\AppData\Local\Programs\MiKTeX\tex/generic/stringenc\stringenc.sty
Package: stringenc 2019/11/29 v1.12 Convert strings between diff. encodings (HO)
)
\@linkdim=\dimen172
\Hy@linkcounter=\count292
\Hy@pagecounter=\count293
 (C:\Users\wongy\AppData\Local\Programs\MiKTeX\tex/latex/hyperref\pd1enc.def
File: pd1enc.def 2025-07-12 v7.01o Hyperref: PDFDocEncoding definition (HO)
Now handling font encoding PD1 ...
... no UTF-8 mapping file for font encoding PD1
) (C:\Users\wongy\AppData\Local\Programs\MiKTeX\tex/generic/intcalc\intcalc.sty
Package: intcalc 2019/12/15 v1.3 Expandable calculations with integers (HO)
)
\Hy@SavedSpaceFactor=\count294
 (C:\Users\wongy\AppData\Local\Programs\MiKTeX\tex/latex/hyperref\puenc.def
File: puenc.def 2025-07-12 v7.01o Hyperref: PDF Unicode definition (HO)
Now handling font encoding PU ...
... no UTF-8 mapping file for font encoding PU
)
Package hyperref Info: Option `breaklinks' set `true' on input line 4066.
Package hyperref Info: Hyper figures OFF on input line 4195.
Package hyperref Info: Link nesting OFF on input line 4200.
Package hyperref Info: Hyper index ON on input line 4203.
Package hyperref Info: Plain pages OFF on input line 4210.
Package hyperref Info: Backreferencing OFF on input line 4215.
Package hyperref Info: Implicit mode ON; LaTeX internals redefined.
Package hyperref Info: Bookmarks ON on input line 4462.
\c@Hy@tempcnt=\count295
 (C:\Users\wongy\AppData\Local\Programs\MiKTeX\tex/latex/url\url.sty
\Urlmuskip=\muskip17
Package: url 2013/09/16  ver 3.4  Verb mode for urls, etc.
)
LaTeX Info: Redefining \url on input line 4801.
\XeTeXLinkMargin=\dimen173
 (C:\Users\wongy\AppData\Local\Programs\MiKTeX\tex/generic/bitset\bitset.sty
Package: bitset 2019/12/09 v1.3 Handle bit-vector datatype (HO)
 (C:\Users\wongy\AppData\Local\Programs\MiKTeX\tex/generic/bigintcalc\bigintcalc.sty
Package: bigintcalc 2019/12/15 v1.5 Expandable calculations on big integers (HO)
))
\Fld@menulength=\count296
\Field@Width=\dimen174
\Fld@charsize=\dimen175
Package hyperref Info: Hyper figures OFF on input line 6078.
Package hyperref Info: Link nesting OFF on input line 6083.
Package hyperref Info: Hyper index ON on input line 6086.
Package hyperref Info: backreferencing OFF on input line 6093.
Package hyperref Info: Link coloring OFF on input line 6098.
Package hyperref Info: Link coloring with OCG OFF on input line 6103.
Package hyperref Info: PDF/A mode OFF on input line 6108.
\Hy@abspage=\count297
\c@Item=\count298
\c@Hfootnote=\count299
)
Package hyperref Info: Driver (autodetected): hpdftex.
 (C:\Users\wongy\AppData\Local\Programs\MiKTeX\tex/latex/hyperref\hpdftex.def
File: hpdftex.def 2025-07-12 v7.01o Hyperref driver for pdfTeX
\Fld@listcount=\count300
\c@bookmark@seq@number=\count301
 (C:\Users\wongy\AppData\Local\Programs\MiKTeX\tex/latex/rerunfilecheck\rerunfilecheck.sty
Package: rerunfilecheck 2025-06-21 v1.11 Rerun checks for auxiliary files (HO)
 (C:\Users\wongy\AppData\Local\Programs\MiKTeX\tex/generic/uniquecounter\uniquecounter.sty
Package: uniquecounter 2019/12/15 v1.4 Provide unlimited unique counter (HO)
)
Package uniquecounter Info: New unique counter `rerunfilecheck' on input line 284.
)
\Hy@SectionHShift=\skip52
)
Package hyperref Info: Option `colorlinks' set `true' on input line 135.
Package hyperref Info: Option `bookmarksnumbered' set `true' on input line 135.
 (C:\Users\wongy\AppData\Local\Programs\MiKTeX\tex/latex/mathtools\mathtools.sty
Package: mathtools 2024/10/04 v1.31 mathematical typesetting tools
 (C:\Users\wongy\AppData\Local\Programs\MiKTeX\tex/latex/tools\calc.sty
Package: calc 2025/03/01 v4.3b Infix arithmetic (KKT,FJ)
\calc@Acount=\count302
\calc@Bcount=\count303
\calc@Adimen=\dimen176
\calc@Bdimen=\dimen177
\calc@Askip=\skip53
\calc@Bskip=\skip54
LaTeX Info: Redefining \setlength on input line 86.
LaTeX Info: Redefining \addtolength on input line 87.
\calc@Ccount=\count304
\calc@Cskip=\skip55
) (C:\Users\wongy\AppData\Local\Programs\MiKTeX\tex/latex/mathtools\mhsetup.sty
Package: mhsetup 2021/03/18 v1.4 programming setup (MH)
) (C:\Users\wongy\AppData\Local\Programs\MiKTeX\tex/latex/amsmath\amsmath.sty
Package: amsmath 2025/06/16 v2.17y AMS math features
\@mathmargin=\skip56

For additional information on amsmath, use the `?' option.
(C:\Users\wongy\AppData\Local\Programs\MiKTeX\tex/latex/amsmath\amstext.sty
Package: amstext 2024/11/17 v2.01 AMS text
 (C:\Users\wongy\AppData\Local\Programs\MiKTeX\tex/latex/amsmath\amsgen.sty
File: amsgen.sty 1999/11/30 v2.0 generic functions
\@emptytoks=\toks19
\ex@=\dimen178
)) (C:\Users\wongy\AppData\Local\Programs\MiKTeX\tex/latex/amsmath\amsbsy.sty
Package: amsbsy 1999/11/29 v1.2d Bold Symbols
\pmbraise@=\dimen179
) (C:\Users\wongy\AppData\Local\Programs\MiKTeX\tex/latex/amsmath\amsopn.sty
Package: amsopn 2022/04/08 v2.04 operator names
)
\inf@bad=\count305
LaTeX Info: Redefining \frac on input line 233.
\uproot@=\count306
\leftroot@=\count307
LaTeX Info: Redefining \overline on input line 398.
LaTeX Info: Redefining \colon on input line 409.
\classnum@=\count308
\DOTSCASE@=\count309
LaTeX Info: Redefining \ldots on input line 495.
LaTeX Info: Redefining \dots on input line 498.
LaTeX Info: Redefining \cdots on input line 619.
\Mathstrutbox@=\box53
\strutbox@=\box54
LaTeX Info: Redefining \big on input line 721.
LaTeX Info: Redefining \Big on input line 722.
LaTeX Info: Redefining \bigg on input line 723.
LaTeX Info: Redefining \Bigg on input line 724.
\big@size=\dimen180
LaTeX Font Info:    Redeclaring font encoding OML on input line 742.
LaTeX Font Info:    Redeclaring font encoding OMS on input line 743.
\macc@depth=\count310
LaTeX Info: Redefining \bmod on input line 904.
LaTeX Info: Redefining \pmod on input line 909.
LaTeX Info: Redefining \smash on input line 939.
LaTeX Info: Redefining \relbar on input line 969.
LaTeX Info: Redefining \Relbar on input line 970.
\c@MaxMatrixCols=\count311
\dotsspace@=\muskip18
\c@parentequation=\count312
\dspbrk@lvl=\count313
\tag@help=\toks20
\row@=\count314
\column@=\count315
\maxfields@=\count316
\andhelp@=\toks21
\eqnshift@=\dimen181
\alignsep@=\dimen182
\tagshift@=\dimen183
\tagwidth@=\dimen184
\totwidth@=\dimen185
\lineht@=\dimen186
\@envbody=\toks22
\multlinegap=\skip57
\multlinetaggap=\skip58
\mathdisplay@stack=\toks23
LaTeX Info: Redefining \[ on input line 2949.
LaTeX Info: Redefining \] on input line 2950.
)
\g_MT_multlinerow_int=\count317
\l_MT_multwidth_dim=\dimen187
\origjot=\skip59
\l_MT_shortvdotswithinadjustabove_dim=\dimen188
\l_MT_shortvdotswithinadjustbelow_dim=\dimen189
\l_MT_above_intertext_sep=\dimen190
\l_MT_below_intertext_sep=\dimen191
\l_MT_above_shortintertext_sep=\dimen192
\l_MT_below_shortintertext_sep=\dimen193
\xmathstrut@box=\box55
\xmathstrut@dim=\dimen194
) (C:\Users\wongy\AppData\Local\Programs\MiKTeX\tex/latex/ntheorem\ntheorem.sty
Style `ntheorem', Version 1.33 <2011/08/15>
Package: ntheorem 2011/08/15 1.33
(C:\Users\wongy\AppData\Local\Programs\MiKTeX\tex/latex/base\ifthen.sty
Package: ifthen 2024/03/16 v1.1e Standard LaTeX ifthen package (DPC)
)
\theorem@style=\toks24
\theorem@@style=\toks25
\theorembodyfont=\toks26
\theoremnumbering=\toks27
\theorempreskipamount=\skip60
\theorempostskipamount=\skip61
\theoremframepreskipamount=\skip62
\theoremframepostskipamount=\skip63
\theoreminframepreskipamount=\skip64
\theoreminframepostskipamount=\skip65
\theorem@preskip=\toks28
\theorem@postskip=\toks29
\theorem@framepreskip=\toks30
\theorem@framepostskip=\toks31
\theorem@inframepreskip=\toks32
\theorem@inframepostskip=\toks33
\theoremindent=\dimen195
\theorem@indent=\dimen196
\theoremrightindent=\dimen197
\theorem@rightindent=\dimen198
\theoremheaderfont=\toks34
\theoremseparator=\toks35
\theoremprework=\toks36
\theorempostwork=\toks37
\theoremsymbol=\toks38
\qedsymbol=\toks39
\theoremkeyword=\toks40
\qedsymbol=\toks41
\thm@topsep=\skip66
\thm@topsepadd=\skip67
)
\c@thm=\count318
\c@quest=\count319
\c@quests=\count320
\c@proof=\count321
PDF LaTeX detected
 (C:\Users\wongy\AppData\Local\Programs\MiKTeX\tex/latex/base\inputenc.sty
Package: inputenc 2024/02/08 v1.3d Input encoding file
\inpenc@prehook=\toks42
\inpenc@posthook=\toks43
) (C:\Users\wongy\AppData\Local\Programs\MiKTeX\tex/latex/base\fontenc.sty
Package: fontenc 2024/12/21 v2.1c Standard LaTeX package
) (C:\Users\wongy\AppData\Local\Programs\MiKTeX\tex/latex/base\textcomp.sty
Package: textcomp 2024/04/24 v2.1b Standard LaTeX package
) (C:\Users\wongy\AppData\Local\Programs\MiKTeX\tex/latex/tex-gyre\tgpagella.sty
Package: tgpagella 2009/09/27 v1.2 TeX Gyre Pagella as default roman family
)) (preamble.tex (C:\Users\wongy\AppData\Local\Programs\MiKTeX\tex/latex/biblatex\biblatex.sty
Package: biblatex 2025/07/10 v3.21 programmable bibliographies (PK/MW)
 (C:\Users\wongy\AppData\Local\Programs\MiKTeX\tex/latex/logreq\logreq.sty
Package: logreq 2010/08/04 v1.0 xml request logger
\lrq@indent=\count322
 (C:\Users\wongy\AppData\Local\Programs\MiKTeX\tex/latex/logreq\logreq.def
File: logreq.def 2010/08/04 v1.0 logreq spec v1.0
))
\c@tabx@nest=\count323
\c@listtotal=\count324
\c@listcount=\count325
\c@liststart=\count326
\c@liststop=\count327
\c@citecount=\count328
\c@citetotal=\count329
\c@multicitecount=\count330
\c@multicitetotal=\count331
\c@instcount=\count332
\c@maxnames=\count333
\c@minnames=\count334
\c@maxitems=\count335
\c@minitems=\count336
\c@citecounter=\count337
\c@maxcitecounter=\count338
\c@savedcitecounter=\count339
\c@uniquelist=\count340
\c@uniquename=\count341
\c@refsection=\count342
\c@refsegment=\count343
\c@maxextratitle=\count344
\c@maxextratitleyear=\count345
\c@maxextraname=\count346
\c@maxextradate=\count347
\c@maxextraalpha=\count348
\c@abbrvpenalty=\count349
\c@highnamepenalty=\count350
\c@lownamepenalty=\count351
\c@maxparens=\count352
\c@parenlevel=\count353
\blx@tempcnta=\count354
\blx@tempcntb=\count355
\blx@tempcntc=\count356
\c@blx@maxsection=\count357
\blx@maxsegment@0=\count358
\blx@notetype=\count359
\blx@parenlevel@text=\count360
\blx@parenlevel@foot=\count361
\blx@sectionciteorder@0=\count362
\blx@sectionciteorderinternal@0=\count363
\blx@entrysetcounter=\count364
\blx@biblioinstance=\count365
\labelnumberwidth=\skip68
\labelalphawidth=\skip69
\biblabelsep=\skip70
\bibitemsep=\skip71
\bibnamesep=\skip72
\bibinitsep=\skip73
\bibparsep=\skip74
\bibhang=\skip75
\blx@bcfin=\read2
\blx@bcfout=\write3
\blx@langwohyphens=\language79
\c@mincomprange=\count366
\c@maxcomprange=\count367
\c@mincompwidth=\count368
Package biblatex Info: Trying to load biblatex default data model...
Package biblatex Info: ... file 'blx-dm.def' found.
 (C:\Users\wongy\AppData\Local\Programs\MiKTeX\tex/latex/biblatex\blx-dm.def
File: blx-dm.def 2025/07/10 v3.21 biblatex datamodel (PK/MW)
)
Package biblatex Info: Trying to load biblatex style data model...
Package biblatex Info: ... file 'alphabetic.dbx' not found.
Package biblatex Info: Trying to load biblatex custom data model...
Package biblatex Info: ... file 'biblatex-dm.cfg' not found.
\c@afterword=\count369
\c@savedafterword=\count370
\c@annotator=\count371
\c@savedannotator=\count372
\c@author=\count373
\c@savedauthor=\count374
\c@bookauthor=\count375
\c@savedbookauthor=\count376
\c@commentator=\count377
\c@savedcommentator=\count378
\c@editor=\count379
\c@savededitor=\count380
\c@editora=\count381
\c@savededitora=\count382
\c@editorb=\count383
\c@savededitorb=\count384
\c@editorc=\count385
\c@savededitorc=\count386
\c@foreword=\count387
\c@savedforeword=\count388
\c@holder=\count389
\c@savedholder=\count390
\c@introduction=\count391
\c@savedintroduction=\count392
\c@namea=\count393
\c@savednamea=\count394
\c@nameb=\count395
\c@savednameb=\count396
\c@namec=\count397
\c@savednamec=\count398
\c@translator=\count399
\c@savedtranslator=\count400
\c@shortauthor=\count401
\c@savedshortauthor=\count402
\c@shorteditor=\count403
\c@savedshorteditor=\count404
\c@labelname=\count405
\c@savedlabelname=\count406
\c@institution=\count407
\c@savedinstitution=\count408
\c@lista=\count409
\c@savedlista=\count410
\c@listb=\count411
\c@savedlistb=\count412
\c@listc=\count413
\c@savedlistc=\count414
\c@listd=\count415
\c@savedlistd=\count416
\c@liste=\count417
\c@savedliste=\count418
\c@listf=\count419
\c@savedlistf=\count420
\c@location=\count421
\c@savedlocation=\count422
\c@organization=\count423
\c@savedorganization=\count424
\c@origlocation=\count425
\c@savedoriglocation=\count426
\c@origpublisher=\count427
\c@savedorigpublisher=\count428
\c@publisher=\count429
\c@savedpublisher=\count430
\c@language=\count431
\c@savedlanguage=\count432
\c@origlanguage=\count433
\c@savedoriglanguage=\count434
\c@pageref=\count435
\c@savedpageref=\count436
\shorthandwidth=\skip76
\shortjournalwidth=\skip77
\shortserieswidth=\skip78
\shorttitlewidth=\skip79
\shortauthorwidth=\skip80
\shorteditorwidth=\skip81
\locallabelnumberwidth=\skip82
\locallabelalphawidth=\skip83
\localshorthandwidth=\skip84
\localshortjournalwidth=\skip85
\localshortserieswidth=\skip86
\localshorttitlewidth=\skip87
\localshortauthorwidth=\skip88
\localshorteditorwidth=\skip89
Package biblatex Info: Trying to load compatibility code...
Package biblatex Info: ... file 'blx-compat.def' found.
 (C:\Users\wongy\AppData\Local\Programs\MiKTeX\tex/latex/biblatex\blx-compat.def
File: blx-compat.def 2025/07/10 v3.21 biblatex compatibility (PK/MW)
)
Package biblatex Info: Trying to load generic definitions...
Package biblatex Info: ... file 'biblatex.def' found.
 (C:\Users\wongy\AppData\Local\Programs\MiKTeX\tex/latex/biblatex\biblatex.def
File: biblatex.def 2025/07/10 v3.21 biblatex compatibility (PK/MW)
\c@textcitecount=\count437
\c@textcitetotal=\count438
\c@textcitemaxnames=\count439
\c@biburlbigbreakpenalty=\count440
\c@biburlbreakpenalty=\count441
\c@biburlnumpenalty=\count442
\c@biburlucpenalty=\count443
\c@biburllcpenalty=\count444
\biburlbigskip=\muskip19
\biburlnumskip=\muskip20
\biburlucskip=\muskip21
\biburllcskip=\muskip22
\c@smartand=\count445
)
Package biblatex Info: Trying to load bibliography style 'alphabetic'...
Package biblatex Info: ... file 'alphabetic.bbx' found.
 (C:\Users\wongy\AppData\Local\Programs\MiKTeX\tex/latex/biblatex/bbx\alphabetic.bbx
File: alphabetic.bbx 2025/07/10 v3.21 biblatex bibliography style (PK/MW)
Package biblatex Info: Trying to load bibliography style 'standard'...
Package biblatex Info: ... file 'standard.bbx' found.
 (C:\Users\wongy\AppData\Local\Programs\MiKTeX\tex/latex/biblatex/bbx\standard.bbx
File: standard.bbx 2025/07/10 v3.21 biblatex bibliography style (PK/MW)
\c@bbx:relatedcount=\count446
\c@bbx:relatedtotal=\count447
))
Package biblatex Info: Trying to load citation style 'alphabetic'...
Package biblatex Info: ... file 'alphabetic.cbx' found.
 (C:\Users\wongy\AppData\Local\Programs\MiKTeX\tex/latex/biblatex/cbx\alphabetic.cbx
File: alphabetic.cbx 2025/07/10 v3.21 biblatex citation style (PK/MW)
Package biblatex Info: Redefining '\cite'.
Package biblatex Info: Redefining '\parencite'.
Package biblatex Info: Redefining '\footcite'.
Package biblatex Info: Redefining '\footcitetext'.
Package biblatex Info: Redefining '\smartcite'.
Package biblatex Info: Redefining '\textcite'.
Package biblatex Info: Redefining '\textcites'.
Package biblatex Info: Redefining '\cites'.
Package biblatex Info: Redefining '\parencites'.
Package biblatex Info: Redefining '\smartcites'.
)
Package biblatex Info: Trying to load configuration file...
Package biblatex Info: ... file 'biblatex.cfg' found.
 (C:\Users\wongy\AppData\Local\Programs\MiKTeX\tex/latex/biblatex\biblatex.cfg
File: biblatex.cfg 
)
Package biblatex Info: Input encoding 'utf8' detected.
Package biblatex Info: Document encoding is UTF8 ....
 (C:\Users\wongy\AppData\Local\Programs\MiKTeX\tex/latex/l3kernel\expl3.sty
Package: expl3 2025-07-19 L3 programming layer (loader) 
 (C:\Users\wongy\AppData\Local\Programs\MiKTeX\tex/latex/l3backend\l3backend-pdftex.def
File: l3backend-pdftex.def 2025-06-09 L3 backend support: PDF output (pdfTeX)
\l__color_backend_stack_int=\count448
))
Package biblatex Info: ... and expl3
(biblatex)             2025-07-19 L3 programming layer (loader) 
(biblatex)             is new enough (at least 2020/04/06),
(biblatex)             setting 'casechanger=expl3'.
 (C:\Users\wongy\AppData\Local\Programs\MiKTeX\tex/latex/biblatex\blx-case-expl3.sty (C:\Users\wongy\AppData\Local\Programs\MiKTeX\tex/latex/l3packages/xparse\xparse.sty
Package: xparse 2024-08-16 L3 Experimental document command parser
)
Package: blx-case-expl3 2025/07/10 v3.21 expl3 case changing code for biblatex
)) (C:\Users\wongy\AppData\Local\Programs\MiKTeX\tex/latex/marginnote\marginnote.sty
Package: marginnote 2018/08/09 1.4b non floating margin notes for LaTeX
\c@mn@abspage=\count449
) (C:\Users\wongy\AppData\Local\Programs\MiKTeX\tex/latex/csquotes\csquotes.sty
Package: csquotes 2024-04-04 v5.2o context-sensitive quotations (JAW)
\csq@reset=\count450
\csq@gtype=\count451
\csq@glevel=\count452
\csq@qlevel=\count453
\csq@maxlvl=\count454
\csq@tshold=\count455
\csq@ltx@everypar=\toks44
 (C:\Users\wongy\AppData\Local\Programs\MiKTeX\tex/latex/csquotes\csquotes.def
File: csquotes.def 2024-04-04 v5.2o csquotes generic definitions (JAW)
)
Package csquotes Info: Trying to load configuration file 'csquotes.cfg'...
Package csquotes Info: ... configuration file loaded successfully.
 (C:\Users\wongy\AppData\Local\Programs\MiKTeX\tex/latex/csquotes\csquotes.cfg
File: csquotes.cfg 
)) (C:\Users\wongy\AppData\Local\Programs\MiKTeX\tex/latex/tools\varioref.sty
Package: varioref 2025/01/14 v1.6g package for extended references (FMi)
\c@vrcnt=\count456
)) (C:\Users\wongy\AppData\Local\Programs\MiKTeX\tex/latex/cleveref\cleveref.sty
Package: cleveref 2018/03/27 v0.21.4 Intelligent cross-referencing
Package cleveref Info: `hyperref' support loaded on input line 2370.
LaTeX Info: Redefining \cref on input line 2370.
LaTeX Info: Redefining \Cref on input line 2370.
LaTeX Info: Redefining \crefrange on input line 2370.
LaTeX Info: Redefining \Crefrange on input line 2370.
LaTeX Info: Redefining \cpageref on input line 2370.
LaTeX Info: Redefining \Cpageref on input line 2370.
LaTeX Info: Redefining \cpagerefrange on input line 2370.
LaTeX Info: Redefining \Cpagerefrange on input line 2370.
LaTeX Info: Redefining \labelcref on input line 2370.
LaTeX Info: Redefining \labelcpageref on input line 2370.
Package cleveref Info: `varioref' support loaded on input line 2605.
Package cleveref Info: `cleveref' supersedes `varioref's \labelformatcommand on input line 2605.
LaTeX Info: Redefining \vref on input line 2605.
LaTeX Info: Redefining \Vref on input line 2605.
LaTeX Info: Redefining \vrefrange on input line 2605.
LaTeX Info: Redefining \fullref on input line 2605.
Package cleveref Info: `ntheorem' support loaded on input line 3055.
)
==> First Aid for cleveref.sty applied!
(C:\Users\wongy\AppData\Local\Programs\MiKTeX\tex/latex/blindtext\blindtext.sty
Package: blindtext 2012/01/06 V2.0 blindtext-Package
 (C:\Users\wongy\AppData\Local\Programs\MiKTeX\tex/latex/tools\xspace.sty
Package: xspace 2014/10/28 v1.13 Space after command names (DPC,MH)
)
\c@blindtext=\count457
\c@Blindtext=\count458
\c@blind@countparstart=\count459
\blind@countxx=\count460
\blindtext@numBlindtext=\count461
\blind@countyy=\count462
\c@blindlist=\count463
\c@blindlistlevel=\count464
\c@blindlist@level=\count465
\blind@listitem=\count466
\c@blind@listcount=\count467
\c@blind@levelcount=\count468
\blind@mathformula=\count469
\blind@Mathformula=\count470
\c@blind@randomcount=\count471
\c@blind@randommax=\count472
\c@blind@pangramcount=\count473
\c@blind@pangrammax=\count474
) (C:\Users\wongy\AppData\Local\Programs\MiKTeX\tex/latex/chngcntr\chngcntr.sty
Package: chngcntr 2018/04/09 v1.1a change counter resetting
Package chngcntr Info: \counterwithout already defined.
(chngcntr)             Quitting chngcntr on input line 21.
) (C:\Users\wongy\AppData\Local\Programs\MiKTeX\tex/latex/placeins\placeins.sty
Package: placeins 2005/04/18  v 2.2
) (C:\Users\wongy\AppData\Local\Programs\MiKTeX\tex/latex/caption\subcaption.sty
Package: subcaption 2023/07/28 v1.6b Sub-captions (AR)
 (C:\Users\wongy\AppData\Local\Programs\MiKTeX\tex/latex/caption\caption.sty
Package: caption 2023/08/05 v3.6o Customizing captions (AR)
 (C:\Users\wongy\AppData\Local\Programs\MiKTeX\tex/latex/caption\caption3.sty
Package: caption3 2023/07/31 v2.4d caption3 kernel (AR)
\caption@tempdima=\dimen199
\captionmargin=\dimen256
\caption@leftmargin=\dimen257
\caption@rightmargin=\dimen258
\caption@width=\dimen259
\caption@indent=\dimen260
\caption@parindent=\dimen261
\caption@hangindent=\dimen262
Package caption Info: Standard document class detected.
)
\c@caption@flags=\count475
\c@continuedfloat=\count476
Package caption Info: hyperref package is loaded.
)
Package caption Info: New subtype `subfigure' on input line 238.
\c@subfigure=\count477
Package caption Info: New subtype `subtable' on input line 238.
\c@subtable=\count478
) (C:\Users\wongy\AppData\Local\Programs\MiKTeX\tex/latex/float\float.sty
Package: float 2001/11/08 v1.3d Float enhancements (AL)
\c@float@type=\count479
\float@exts=\toks45
\float@box=\box56
\@float@everytoks=\toks46
\@floatcapt=\box57
) (C:\Users\wongy\AppData\Local\Programs\MiKTeX\tex/latex/tools\array.sty
Package: array 2025/06/08 v2.6j Tabular extension package (FMi)
\col@sep=\dimen263
\ar@mcellbox=\box58
\extrarowheight=\dimen264
\NC@list=\toks47
\extratabsurround=\skip90
\backup@length=\skip91
\ar@cellbox=\box59
) (C:\Users\wongy\AppData\Local\Programs\MiKTeX\tex/latex/wrapfig\wrapfig.sty
\wrapoverhang=\dimen265
\WF@size=\dimen266
\c@WF@wrappedlines=\count480
\WF@box=\box60
\WF@everypar=\toks48
Package: wrapfig 2003/01/31  v 3.6
) (C:\Users\wongy\AppData\Local\Programs\MiKTeX\tex/latex/lipsum\lipsum.sty (C:\Users\wongy\AppData\Local\Programs\MiKTeX\tex/latex/l3packages/l3keys2e\l3keys2e.sty
Package: l3keys2e 2024-08-16 LaTeX2e option processing using LaTeX3 keys
)
Package: lipsum 2021-09-20 v2.7 150 paragraphs of Lorem Ipsum dummy text
\g__lipsum_par_int=\count481
\l__lipsum_a_int=\count482
\l__lipsum_b_int=\count483
 (C:\Users\wongy\AppData\Local\Programs\MiKTeX\tex/latex/lipsum\lipsum.ltd.tex)) (C:\Users\wongy\AppData\Local\Programs\MiKTeX\tex/latex/amscls\amsthm.sty
Package: amsthm 2020/05/29 v2.20.6


C:\Users\wongy\AppData\Local\Programs\MiKTeX\tex/latex/amscls\amsthm.sty:66: LaTeX Error: Command \theoremstyle already defined.
               Or name \end... illegal, see p.192 of the manual.

See the LaTeX manual or LaTeX Companion for explanation.
Type  H <return>  for immediate help.
 ...                                              
                                                  
l.66 }
      
Your command was ignored.
Type  I <command> <return>  to replace it with another command,
or  <return>  to continue without it.

\thm@style=\toks49
\thm@bodyfont=\toks50
\thm@headfont=\toks51
\thm@notefont=\toks52
\thm@headpunct=\toks53
\thm@preskip=\skip92
\thm@postskip=\skip93
\thm@headsep=\skip94
\dth@everypar=\toks54

C:\Users\wongy\AppData\Local\Programs\MiKTeX\tex/latex/amscls\amsthm.sty:272: LaTeX Error: Command \newtheoremstyle already defined.
               Or name \end... illegal, see p.192 of the manual.

See the LaTeX manual or LaTeX Companion for explanation.
Type  H <return>  for immediate help.
 ...                                              
                                                  
l.272 }
       
Your command was ignored.
Type  I <command> <return>  to replace it with another command,
or  <return>  to continue without it.


C:\Users\wongy\AppData\Local\Programs\MiKTeX\tex/latex/amscls\amsthm.sty:440: LaTeX Error: Command \proof already defined.
               Or name \end... illegal, see p.192 of the manual.

See the LaTeX manual or LaTeX Companion for explanation.
Type  H <return>  for immediate help.
 ...                                              
                                                  
l.440 }
       
Your command was ignored.
Type  I <command> <return>  to replace it with another command,
or  <return>  to continue without it.

) (C:\Users\wongy\AppData\Local\Programs\MiKTeX\tex/latex/algorithms\algorithm.sty
Package: algorithm 2009/08/24 v0.1 Document Style `algorithm' - floating environment
\@float@every@algorithm=\toks55
\c@algorithm=\count484
) (C:\Users\wongy\AppData\Local\Programs\MiKTeX\tex/latex/algorithmicx\algpseudocode.sty
Package: algpseudocode 
 (C:\Users\wongy\AppData\Local\Programs\MiKTeX\tex/latex/algorithmicx\algorithmicx.sty
Package: algorithmicx 2005/04/27 v1.2 Algorithmicx

Document Style algorithmicx 1.2 - a greatly improved `algorithmic' style
\c@ALG@line=\count485
\c@ALG@rem=\count486
\c@ALG@nested=\count487
\ALG@tlm=\skip95
\ALG@thistlm=\skip96
\c@ALG@Lnr=\count488
\c@ALG@blocknr=\count489
\c@ALG@storecount=\count490
\c@ALG@tmpcounter=\count491
\ALG@tmplength=\skip97
)
Document Style - pseudocode environments for use with the `algorithmicx' style
) (C:\Users\wongy\AppData\Local\Programs\MiKTeX\tex/latex/enumitem\enumitem.sty
Package: enumitem 2025/02/06 v3.11 Customized lists
\labelindent=\skip98
\enit@outerparindent=\dimen267
\enit@toks=\toks56
\enit@inbox=\box61
\enit@count@id=\count492
\enitdp@description=\count493
) (C:\Users\wongy\AppData\Local\Programs\MiKTeX\tex/latex/hypcap\hypcap.sty
Package: hypcap 2024-07-26 v1.13 Adjusting the anchors of captions (HO)
 (C:\Users\wongy\AppData\Local\Programs\MiKTeX\tex/latex/letltxmacro\letltxmacro.sty
Package: letltxmacro 2019/12/03 v1.6 Let assignment for LaTeX macros (HO)
)) (C:\Users\wongy\AppData\Local\Programs\MiKTeX\tex/latex/appendix\appendix.sty
Package: appendix 2020/02/08 v1.2c extra appendix facilities
\c@@pps=\count494
\c@@ppsavesec=\count495
\c@@ppsaveapp=\count496
) (C:\Users\wongy\AppData\Local\Programs\MiKTeX\tex/latex/amsfonts\amsfonts.sty
Package: amsfonts 2013/01/14 v3.01 Basic AMSFonts support
\symAMSa=\mathgroup4
\symAMSb=\mathgroup5
LaTeX Font Info:    Redeclaring math symbol \hbar on input line 98.
LaTeX Font Info:    Overwriting math alphabet `\mathfrak' in version `bold'
(Font)                  U/euf/m/n --> U/euf/b/n on input line 106.
) (C:\Users\wongy\AppData\Local\Programs\MiKTeX\tex/latex/multirow\multirow.sty
Package: multirow 2024/11/12 v2.9 Span multiple rows of a table
\multirow@colwidth=\skip99
\multirow@cntb=\count497
\multirow@dima=\skip100
\bigstrutjot=\dimen268
)

c:/Users/wongy/OneDrive/p/monash/LabResults/main.tex:34: LaTeX Error: Option clash for package placeins.

See the LaTeX manual or LaTeX Companion for explanation.
Type  H <return>  for immediate help.
 ...                                              
                                                  
l.34 
     
The package placeins has already been loaded with options:
  []
There has now been an attempt to load it with options
  [section]
Adding the global options:
  ,section
to your \documentclass declaration may fix this.
Try typing  <return>  to proceed.

\c@definition=\count498
Package translations Info: No language package found. I am going to use `english' as default language. on input line 41.
Package csquotes Info: Checking for multilingual support...
Package csquotes Info: ... none found.
LaTeX Font Info:    Trying to load font information for T1+qpl on input line 41.
(C:\Users\wongy\AppData\Local\Programs\MiKTeX\tex/latex/tex-gyre\t1qpl.fd
File: t1qpl.fd 2009/09/25 v1.2 font definition file for T1/qpl
) (main.aux)
\openout1 = `main.aux'.

LaTeX Font Info:    Checking defaults for OML/cmm/m/it on input line 41.
LaTeX Font Info:    ... okay on input line 41.
LaTeX Font Info:    Checking defaults for OMS/cmsy/m/n on input line 41.
LaTeX Font Info:    ... okay on input line 41.
LaTeX Font Info:    Checking defaults for OT1/cmr/m/n on input line 41.
LaTeX Font Info:    ... okay on input line 41.
LaTeX Font Info:    Checking defaults for T1/cmr/m/n on input line 41.
LaTeX Font Info:    ... okay on input line 41.
LaTeX Font Info:    Checking defaults for TS1/cmr/m/n on input line 41.
LaTeX Font Info:    ... okay on input line 41.
LaTeX Font Info:    Checking defaults for OMX/cmex/m/n on input line 41.
LaTeX Font Info:    ... okay on input line 41.
LaTeX Font Info:    Checking defaults for U/cmr/m/n on input line 41.
LaTeX Font Info:    ... okay on input line 41.
LaTeX Font Info:    Checking defaults for PD1/pdf/m/n on input line 41.
LaTeX Font Info:    ... okay on input line 41.
LaTeX Font Info:    Checking defaults for PU/pdf/m/n on input line 41.
LaTeX Font Info:    ... okay on input line 41.

*geometry* driver: auto-detecting
*geometry* detected driver: pdftex
*geometry* verbose mode - [ preamble ] result:
* driver: pdftex
* paper: <default>
* layout: <same size as paper>
* layoutoffset:(h,v)=(0.0pt,0.0pt)
* modes: 
* h-part:(L,W,R)=(85.35826pt, 426.79135pt, 85.35826pt)
* v-part:(T,H,B)=(85.35826pt, 674.33032pt, 85.35826pt)
* \paperwidth=597.50787pt
* \paperheight=845.04684pt
* \textwidth=426.79135pt
* \textheight=674.33032pt
* \oddsidemargin=13.08827pt
* \evensidemargin=13.08827pt
* \topmargin=-23.91173pt
* \headheight=12.0pt
* \headsep=25.0pt
* \topskip=11.0pt
* \footskip=30.0pt
* \marginparwidth=50.0pt
* \marginparsep=10.0pt
* \columnsep=10.0pt
* \skip\footins=10.0pt plus 4.0pt minus 2.0pt
* \hoffset=0.0pt
* \voffset=0.0pt
* \mag=1000
* \@twocolumnfalse
* \@twosidefalse
* \@mparswitchfalse
* \@reversemarginfalse
* (1in=72.27pt=25.4mm, 1cm=28.453pt)

(C:\Users\wongy\AppData\Local\Programs\MiKTeX\tex/latex/translations/dicts\translations-basic-dictionary-english.trsl
File: translations-basic-dictionary-english.trsl (english translation file `translations-basic-dictionary')
)
Package translations Info: loading dictionary `translations-basic-dictionary' for `english'. on input line 41.
 (C:\Users\wongy\AppData\Local\Programs\MiKTeX\tex/context/base/mkii\supp-pdf.mkii
[Loading MPS to PDF converter (version 2006.09.02).]
\scratchcounter=\count499
\scratchdimen=\dimen269
\scratchbox=\box62
\nofMPsegments=\count500
\nofMParguments=\count501
\everyMPshowfont=\toks57
\MPscratchCnt=\count502
\MPscratchDim=\dimen270
\MPnumerator=\count503
\makeMPintoPDFobject=\count504
\everyMPtoPDFconversion=\toks58
) (C:\Users\wongy\AppData\Local\Programs\MiKTeX\tex/latex/epstopdf-pkg\epstopdf-base.sty
Package: epstopdf-base 2020-01-24 v2.11 Base part for package epstopdf
Package epstopdf-base Info: Redefining graphics rule for `.eps' on input line 485.
 (C:\Users\wongy\AppData\Local\Programs\MiKTeX\tex/latex/00miktex\epstopdf-sys.cfg
File: epstopdf-sys.cfg 2021/03/18 v2.0 Configuration of epstopdf for MiKTeX
))
Package hyperref Info: Link coloring ON on input line 41.
\@outlinefile=\write4
\openout4 = `main.out'.

Package biblatex Info: Trying to load language 'english'...
Package biblatex Info: ... file 'english.lbx' found.
 (C:\Users\wongy\AppData\Local\Programs\MiKTeX\tex/latex/biblatex/lbx\english.lbx
File: english.lbx 2025/07/10 v3.21 biblatex localization (PK/MW)
)
Package biblatex Info: Input encoding 'utf8' detected.
Package biblatex Info: Automatic encoding selection.
(biblatex)             Assuming data encoding 'utf8'.
\openout3 = `main.bcf'.

Package biblatex Info: Trying to load bibliographic data...
Package biblatex Info: ... file 'main.bbl' found.
 (main.bbl)
Package biblatex Info: Reference section=0 on input line 41.
Package biblatex Info: Reference segment=0 on input line 41.
Package caption Info: Begin \AtBeginDocument code.
Package caption Info: float package is loaded.
Package caption Info: hypcap package is loaded.
Package caption Info: wrapfig package is loaded.
Package caption Info: End \AtBeginDocument code.
LaTeX Font Info:    Trying to load font information for U+msa on input line 43.
 (C:\Users\wongy\AppData\Local\Programs\MiKTeX\tex/latex/amsfonts\umsa.fd
File: umsa.fd 2013/01/14 v3.01 AMS symbols A
)
LaTeX Font Info:    Trying to load font information for U+msb on input line 43.
 (C:\Users\wongy\AppData\Local\Programs\MiKTeX\tex/latex/amsfonts\umsb.fd
File: umsb.fd 2013/01/14 v3.01 AMS symbols B
) (abstract.tex
Package marginnote Info: right page because not two side mode on input line 2.
Package marginnote Info: xpos seems to be \@mn@currxpos  on input line 2.

Underfull \hbox (badness 10000) in paragraph at lines 2--3
\T1/qpl/m/n/10 com-plex num-bers
 []

)

[1

{C:/Users/wongy/AppData/Local/MiKTeX/fonts/map/pdftex/pdftex.map}{C:/Users/wongy/AppData/Local/Programs/MiKTeX/fonts/enc/dvips/tex-gyre/q-ec.enc}]
No file main.toc.
\tf@toc=\write5
\openout5 = `main.toc'.



[2] (introduction.tex
Package marginnote Info: right page because not two side mode on input line 2.
Package marginnote Info: xpos seems to be \@mn@currxpos  on input line 2.
) (preliminaries.tex
Package marginnote Info: right page because not two side mode on input line 3.
Package marginnote Info: xpos seems to be \@mn@currxpos  on input line 3.
LaTeX Font Info:    Trying to load font information for TS1+qpl on input line 5.
 (C:\Users\wongy\AppData\Local\Programs\MiKTeX\tex/latex/tex-gyre\ts1qpl.fd
File: ts1qpl.fd 2009/09/25 v1.2 font definition file for TS1/qpl
)

[1{C:/Users/wongy/AppData/Local/Programs/MiKTeX/fonts/enc/dvips/tex-gyre/q-ts1.enc}]
Package marginnote Info: right page because not two side mode on input line 11.
Package marginnote Info: xpos seems to be \@mn@currxpos  on input line 11.

Overfull \hbox (4.57211pt too wide) in paragraph at lines 11--12
\T1/qpl/m/n/10.95 sump-tions re-gard-ing the worst-case hard-ness of stan-dard lat-tice prob-lems such as GAPSVP
 []

Package marginnote Info: right page because not two side mode on input line 26.
Package marginnote Info: xpos seems to be \@mn@currxpos  on input line 26.


[2]
preliminaries.tex:39: Missing { inserted.
<to be read again> 
                   $
l.39 ...tweak factor for $s$ and $e$ is just $N$.}
                                                  .
A left brace was mandatory here, so I've put one in.
You might want to delete and/or insert some corrections
so that I will find a matching right brace soon.
(If you're confused by all this, try typing `I}' now.)

preliminaries.tex:39: Missing } inserted.
<inserted text> 
                }
l.39 ...tweak factor for $s$ and $e$ is just $N$.}
                                                  .
I've inserted something that you may have forgotten.
(See the <inserted text> above.)
With luck, this will get me unwedged. But if you
really didn't forget anything, try typing `2' now; then
my insertion and my current dilemma will both disappear.

preliminaries.tex:39: Missing { inserted.
<to be read again> 
                   $
l.39 ...tweak factor for $s$ and $e$ is just $N$.}
                                                  .
A left brace was mandatory here, so I've put one in.
You might want to delete and/or insert some corrections
so that I will find a matching right brace soon.
(If you're confused by all this, try typing `I}' now.)

preliminaries.tex:39: Missing } inserted.
<inserted text> 
                }
l.39 ...tweak factor for $s$ and $e$ is just $N$.}
                                                  .
I've inserted something that you may have forgotten.
(See the <inserted text> above.)
With luck, this will get me unwedged. But if you
really didn't forget anything, try typing `2' now; then
my insertion and my current dilemma will both disappear.

Package marginnote Info: right page because not two side mode on input line 49.
Package marginnote Info: xpos seems to be \@mn@currxpos  on input line 49.
Package marginnote Info: right page because not two side mode on input line 63.
Package marginnote Info: xpos seems to be \@mn@currxpos  on input line 63.


[3]
Overfull \hbox (3.5528pt too wide) in paragraph at lines 66--69
\T1/qpl/m/n/10.95 Homomorphic en-cryp-tion schemes built from LWE usu-ally have a prob-lem of er-ror growth
 []

Package marginnote Info: right page because not two side mode on input line 73.
Package marginnote Info: xpos seems to be \@mn@currxpos  on input line 73.

Underfull \hbox (badness 10000) in paragraph at lines 73--82

 []



[4]
Underfull \hbox (badness 10000) in paragraph at lines 85--89

 []


Underfull \hbox (badness 10000) in paragraph at lines 85--89

 []


Underfull \hbox (badness 10000) in paragraph at lines 85--89

 []

Package marginnote Info: right page because not two side mode on input line 90.
Package marginnote Info: xpos seems to be \@mn@currxpos  on input line 90.

LaTeX Warning: Reference `fig:LR' on page 5 undefined on input line 102.

<images/LR.jpg, id=115, 501.875pt x 378.41376pt>
File: images/LR.jpg Graphic file (type jpg)
<use images/LR.jpg>
Package pdftex.def Info: images/LR.jpg  used on input line 105.
(pdftex.def)             Requested size: 213.39568pt x 160.90166pt.
preliminaries.tex:111: Undefined control sequence.
<recently read> \textcal 
                         
l.111 ...two classes of our data set are $\textcal
                                                  {C}_0, \textcal{C}_1$, $\m...
The control sequence at the end of the top line
of your error message was never \def'ed. If you have
misspelled it (e.g., `\hobx'), type `I' and the correct
spelling (e.g., `I\hbox'). Otherwise just continue,
and I'll forget about whatever was undefined.

preliminaries.tex:111: Undefined control sequence.
l.111 ...our data set are $\textcal{C}_0, \textcal
                                                  {C}_1$, $\mathbf{x}$ is th...
The control sequence at the end of the top line
of your error message was never \def'ed. If you have
misspelled it (e.g., `\hobx'), type `I' and the correct
spelling (e.g., `I\hbox'). Otherwise just continue,
and I'll forget about whatever was undefined.

preliminaries.tex:111: Undefined control sequence.
<recently read> \textcal 
                         
l.111 ...that observation classified as  $\textcal
                                                  {C}_0$ is
The control sequence at the end of the top line
of your error message was never \def'ed. If you have
misspelled it (e.g., `\hobx'), type `I' and the correct
spelling (e.g., `I\hbox'). Otherwise just continue,
and I'll forget about whatever was undefined.


Underfull \hbox (badness 10000) in paragraph at lines 101--112

 []



[5]
preliminaries.tex:113: Undefined control sequence.
l.113     prob.(\text{label} = \textcal
                                       {C}_0 | \mathbf{x}) = \sigma(\mathbf{...
The control sequence at the end of the top line
of your error message was never \def'ed. If you have
misspelled it (e.g., `\hobx'), type `I' and the correct
spelling (e.g., `I\hbox'). Otherwise just continue,
and I'll forget about whatever was undefined.

preliminaries.tex:117: Undefined control sequence.
l.117     prob.(\text{label} = \textcal
                                       {C}_1 | \mathbf{x}) = 1 - \sigma(\mat...
The control sequence at the end of the top line
of your error message was never \def'ed. If you have
misspelled it (e.g., `\hobx'), type `I' and the correct
spelling (e.g., `I\hbox'). Otherwise just continue,
and I'll forget about whatever was undefined.

preliminaries.tex:123: Undefined control sequence.
l.123 ...an express $prob.(\text{label} = \textcal
                                                  {C}_1 | \mathbf{x})$ as $\...
The control sequence at the end of the top line
of your error message was never \def'ed. If you have
misspelled it (e.g., `\hobx'), type `I' and the correct
spelling (e.g., `I\hbox'). Otherwise just continue,
and I'll forget about whatever was undefined.


Underfull \hbox (badness 10000) in paragraph at lines 122--126

 []

Package marginnote Info: right page because not two side mode on input line 127.
Package marginnote Info: xpos seems to be \@mn@currxpos  on input line 127.

Underfull \hbox (badness 10000) in paragraph at lines 127--128

 []

Package marginnote Info: right page because not two side mode on input line 129.
Package marginnote Info: xpos seems to be \@mn@currxpos  on input line 129.


[6 <./images/LR.jpg>]
<images/gradient descent.png, id=130, 578.16pt x 350.30875pt>
File: images/gradient descent.png Graphic file (type png)
<use images/gradient descent.png>
Package pdftex.def Info: images/gradient descent.png  used on input line 132.
(pdftex.def)             Requested size: 341.43437pt x 206.8728pt.


[7 <./images/gradient descent.png>]) (relatedwork.tex
Package marginnote Info: right page because not two side mode on input line 2.
Package marginnote Info: xpos seems to be \@mn@currxpos  on input line 2.
Package marginnote Info: right page because not two side mode on input line 7.
Package marginnote Info: xpos seems to be \@mn@currxpos  on input line 7.


LaTeX Warning: Reference `fig:approxsigmoid' on page 8 undefined on input line 9.

<images/Screenshot from 2021-10-03 23-12-29.png, id=141, 1152.305pt x 466.74374pt>
File: images/Screenshot from 2021-10-03 23-12-29.png Graphic file (type png)
<use images/Screenshot from 2021-10-03 23-12-29.png>
Package pdftex.def Info: images/Screenshot from 2021-10-03 23-12-29.png  used on input line 13.
(pdftex.def)             Requested size: 426.79135pt x 172.87053pt.

LaTeX Warning: Reference `fig:approxsigmoid' on page 8 undefined on input line 22.


LaTeX Warning: Reference `tab:miranDesOfData' on page 8 undefined on input line 25.


LaTeX Warning: Reference `tab:miranCompare' on page 8 undefined on input line 25.

<images/Screenshot from 2021-10-03 23-53-36.png, id=145, 1391.1975pt x 279.0425pt>
File: images/Screenshot from 2021-10-03 23-53-36.png Graphic file (type png)
<use images/Screenshot from 2021-10-03 23-53-36.png>
Package pdftex.def Info: images/Screenshot from 2021-10-03 23-53-36.png  used on input line 30.
(pdftex.def)             Requested size: 426.79135pt x 85.60387pt.
<images/Screenshot from 2021-10-04 00-12-26.png, id=148, 1211.52625pt x 793.96625pt>
File: images/Screenshot from 2021-10-04 00-12-26.png Graphic file (type png)
<use images/Screenshot from 2021-10-04 00-12-26.png>
Package pdftex.def Info: images/Screenshot from 2021-10-04 00-12-26.png  used on input line 37.
(pdftex.def)             Requested size: 426.79135pt x 279.69748pt.
Package marginnote Info: right page because not two side mode on input line 43.
Package marginnote Info: xpos seems to be \@mn@currxpos  on input line 43.


[8]

LaTeX Warning: Reference `fig:nesteroveq' on page 9 undefined on input line 45.


LaTeX Warning: Reference `fig:dataencodeconcept' on page 9 undefined on input line 56.


LaTeX Warning: Reference `fig:shiftedw' on page 9 undefined on input line 56.



[9 <./images/Screenshot from 2021-10-03 23-12-29.png> <./images/Screenshot from 2021-10-03 23-53-36.png>]
<images/Screenshot from 2021-10-04 01-48-54.png, id=172, 249.93375pt x 141.52875pt>
File: images/Screenshot from 2021-10-04 01-48-54.png Graphic file (type png)
<use images/Screenshot from 2021-10-04 01-48-54.png>
Package pdftex.def Info: images/Screenshot from 2021-10-04 01-48-54.png  used on input line 60.
(pdftex.def)             Requested size: 128.0387pt x 72.50694pt.
<images/Screenshot from 2021-10-04 01-49-05.png, id=173, 522.95375pt x 28.105pt>
File: images/Screenshot from 2021-10-04 01-49-05.png Graphic file (type png)
<use images/Screenshot from 2021-10-04 01-49-05.png>
Package pdftex.def Info: images/Screenshot from 2021-10-04 01-49-05.png  used on input line 61.
(pdftex.def)             Requested size: 200.59245pt x 10.78035pt.
<images/Screenshot from 2021-10-04 02-04-49.png, id=176, 251.94125pt x 136.51pt>
File: images/Screenshot from 2021-10-04 02-04-49.png Graphic file (type png)
<use images/Screenshot from 2021-10-04 02-04-49.png>
Package pdftex.def Info: images/Screenshot from 2021-10-04 02-04-49.png  used on input line 67.
(pdftex.def)             Requested size: 128.0387pt x 69.37546pt.


LaTeX Warning: Reference `fig:comparetable' on page 10 undefined on input line 72.


Overfull \hbox (6.76859pt too wide) in paragraph at lines 72--73
\T1/qpl/m/n/10.95 ap-proach above, we achieve sim-i-lar out-put mod-els as the ap-proach de-scribed in [[][]Kim+18b[][]]
 []


Overfull \hbox (8.43141pt too wide) in paragraph at lines 95--95
[]|\T1/qpl/m/n/10.95 Edinburgh|  
 []

) (evaluation.tex
Package marginnote Info: right page because not two side mode on input line 2.
Package marginnote Info: xpos seems to be \@mn@currxpos  on input line 2.


[10 <./images/Screenshot from 2021-10-04 00-12-26.png> <./images/Screenshot from 2021-10-04 01-48-54.png> <./images/Screenshot from 2021-10-04 01-49-05.png>]
Package marginnote Info: right page because not two side mode on input line 3.
Package marginnote Info: xpos seems to be \@mn@currxpos  on input line 3.


LaTeX Warning: Reference `fig:coeffpolytable' on page 11 undefined on input line 6.


Underfull \hbox (badness 10000) in paragraph at lines 6--7
\T1/qpl/m/n/10.95 The value se-lec-tion of \T1/cmtt/m/n/10.95 poly_modulus_degree \T1/qpl/m/n/10.95 de-pends on the value of
 []

<images/Screenshot from 2021-10-05 23-37-47.png, id=208, 391.4625pt x 190.7125pt>
File: images/Screenshot from 2021-10-05 23-37-47.png Graphic file (type png)
<use images/Screenshot from 2021-10-05 23-37-47.png>
Package pdftex.def Info: images/Screenshot from 2021-10-05 23-37-47.png  used on input line 12.
(pdftex.def)             Requested size: 213.39568pt x 103.96388pt.

LaTeX Warning: Reference `fig:approxsigmoid' on page 11 undefined on input line 25.


Overfull \hbox (0.44908pt too wide) in paragraph at lines 25--26
[]\T1/qpl/m/n/10.95 With re-gard to sig-moid ap-prox-i-ma-tion, we de-cided to use $\OML/cmm/m/it/10.95 g[]$\T1/qpl/m/n/10.95 , be-cause it needs a smaller
 []



[11 <./images/Screenshot from 2021-10-04 02-04-49.png>]
Package hyperref Info: bookmark level for unknown algorithm defaults to 0 on input line 28.

Underfull \hbox (badness 3838) in paragraph at lines 31--32
[]$\OML/cmm/m/it/10.95 S$ \T1/qpl/m/n/10.95 - the CKKS-encrypted dataset con-sist-ing of $\OML/cmm/m/it/10.95 m$ \T1/qpl/m/n/10.95 tu-ples $\OT1/cmr/m/n/10.95 (\OML/cmm/m/it/10.95 enc[]x; enc[]y\OT1/cmr/m/n/10.95 )$\T1/qpl/m/n/10.95 ,
 []


LaTeX Warning: Reference `code:pseudocode' on page 12 undefined on input line 47.


LaTeX Warning: Reference `code:pseudocode' on page 12 undefined on input line 47.

Package marginnote Info: right page because not two side mode on input line 49.
Package marginnote Info: xpos seems to be \@mn@currxpos  on input line 49.

LaTeX Warning: Reference `def:linearseparability' on page 12 undefined on input line 52.


Underfull \hbox (badness 3078) in paragraph at lines 52--53
[]\T1/cmtt/m/n/10.95 LogReg_sample_dataset\T1/qpl/m/n/10.95 : This dataset is ran-domly gen-er-ated. It has 1000
 []



[12 <./images/Screenshot from 2021-10-05 23-37-47.png>]

evaluation.tex:56: LaTeX Error: Command \definition already defined.
               Or name \end... illegal, see p.192 of the manual.

See the LaTeX manual or LaTeX Companion for explanation.
Type  H <return>  for immediate help.
 ...                                              
                                                  
l.56     \newtheorem{definition}
                                {Definition}
Your command was ignored.
Type  I <command> <return>  to replace it with another command,
or  <return>  to continue without it.


evaluation.tex:59: Package caption Error: \caption outside float.

See the caption package documentation for explanation.
Type  H <return>  for immediate help.
 ...                                              
                                                  
l.59         \caption
                     {Definition of linear separability\cite{enwiki:10421602...
If you do not understand this error, please take a closer look
at the documentation of the `caption' package, especially the
section about errors.
Try typing  <return>  to proceed.
If that doesn't work, type  X <return>  to quit.

Package marginnote Info: right page because not two side mode on input line 63.
Package marginnote Info: xpos seems to be \@mn@currxpos  on input line 63.

LaTeX Warning: Reference `fig:encryptiontable' on page 13 undefined on input line 65.


Overfull \hbox (16.27162pt too wide) in paragraph at lines 85--85
[]|\T1/qpl/m/n/10.95 framingham|  
 []


Overfull \hbox (73.58372pt too wide) in paragraph at lines 85--85
[]|\T1/qpl/m/n/10.95 LogReg_sample_dataset|  
 []


Overfull \hbox (50.40268pt too wide) in paragraph at lines 85--85
[]|\T1/qpl/m/n/10.95 HRF_sample_small|  
 []


Overfull \hbox (44.1721pt too wide) in paragraph at lines 85--85
[]|\T1/qpl/m/n/10.95 HRF_samples_big|  
 []


LaTeX Warning: Reference `fig:evaluationtable' on page 13 undefined on input line 91.


Overfull \hbox (16.27162pt too wide) in paragraph at lines 110--110
[]|\T1/qpl/m/n/10.95 framingham|  
 []


Overfull \hbox (73.58372pt too wide) in paragraph at lines 110--110
[]|\T1/qpl/m/n/10.95 LogReg_sample_dataset|  
 []


Overfull \hbox (50.40268pt too wide) in paragraph at lines 110--110
[]|\T1/qpl/m/n/10.95 HRF_sample_small|  
 []


Overfull \hbox (44.1721pt too wide) in paragraph at lines 110--110
[]|\T1/qpl/m/n/10.95 HRF_samples_big|  
 []



[13]

LaTeX Warning: Reference `parallel' on page 14 undefined on input line 115.


LaTeX Warning: Reference `vectorization' on page 14 undefined on input line 115.


LaTeX Warning: Reference `fig:evaluationtable' on page 14 undefined on input line 115.

) (parallel.tex
Package marginnote Info: right page because not two side mode on input line 2.
Package marginnote Info: xpos seems to be \@mn@currxpos  on input line 2.


LaTeX Warning: Reference `workflow' on page 14 undefined on input line 13.


Underfull \hbox (badness 10000) in paragraph at lines 12--14

 []



[14]
Underfull \hbox (badness 10000) in paragraph at lines 48--50

 []


LaTeX Warning: Reference `threadfunction' on page 15 undefined on input line 53.


Underfull \hbox (badness 10000) in paragraph at lines 50--54

 []



[15]

LaTeX Warning: Reference `code:pseudocode' on page 16 undefined on input line 85.

Package marginnote Info: right page because not two side mode on input line 88.
Package marginnote Info: xpos seems to be \@mn@currxpos  on input line 88.
) (vectorization.tex

[16]
Package marginnote Info: right page because not two side mode on input line 2.
Package marginnote Info: xpos seems to be \@mn@currxpos  on input line 2.
Package marginnote Info: right page because not two side mode on input line 7.
Package marginnote Info: xpos seems to be \@mn@currxpos  on input line 7.


LaTeX Warning: Reference `fig:baseline' on page 17 undefined on input line 8.

<images/baseline.jpg, id=256, 429.10312pt x 132.495pt>
File: images/baseline.jpg Graphic file (type jpg)
<use images/baseline.jpg>
Package pdftex.def Info: images/baseline.jpg  used on input line 13.
(pdftex.def)             Requested size: 426.79135pt x 131.783pt.

LaTeX Warning: Reference `fig:baseline' on page 17 undefined on input line 19.


LaTeX Warning: Reference `fig:tensor' on page 17 undefined on input line 20.

<images/tensor.jpg, id=257, 496.85625pt x 157.33781pt>
File: images/tensor.jpg Graphic file (type jpg)
<use images/tensor.jpg>
Package pdftex.def Info: images/tensor.jpg  used on input line 25.
(pdftex.def)             Requested size: 426.79135pt x 135.15181pt.

LaTeX Warning: Reference `fig:tensor' on page 17 undefined on input line 31.

<images/flatten.jpg, id=258, 543.53062pt x 157.33781pt>
File: images/flatten.jpg Graphic file (type jpg)
<use images/flatten.jpg>
Package pdftex.def Info: images/flatten.jpg  used on input line 37.
(pdftex.def)             Requested size: 426.79135pt x 123.55125pt.


[17 <./images/baseline.jpg>]

LaTeX Warning: Reference `fig:flatten' on page 18 undefined on input line 43.

Package marginnote Info: right page because not two side mode on input line 47.
Package marginnote Info: xpos seems to be \@mn@currxpos  on input line 47.

LaTeX Warning: Reference `fig:vec' on page 18 undefined on input line 48.


LaTeX Warning: Reference `fig:vec' on page 18 undefined on input line 48.


Underfull \hbox (badness 10000) in paragraph at lines 48--49

 []


LaTeX Warning: Reference `threadfunction' on page 18 undefined on input line 65.


LaTeX Warning: Reference `fig:resvec' on page 18 undefined on input line 65.


Underfull \hbox (badness 10000) in paragraph at lines 65--66

 []



[18 <./images/tensor.jpg> <./images/flatten.jpg>]
Overfull \hbox (24.89236pt too wide) in paragraph at lines 69--86
 [][] 
 []


LaTeX Warning: Reference `fig:chovec' on page 19 undefined on input line 90.


Overfull \hbox (24.89236pt too wide) in paragraph at lines 94--109
 [][] 
 []


LaTeX Warning: Reference `fig:chovec' on page 19 undefined on input line 113.


LaTeX Warning: Reference `code:pseudocode' on page 19 undefined on input line 113.

) (outlook.tex
Package marginnote Info: right page because not two side mode on input line 2.
Package marginnote Info: xpos seems to be \@mn@currxpos  on input line 2.
)

[19]

[20]
c:/Users/wongy/OneDrive/p/monash/LabResults/main.tex:57: Missing $ inserted.
<inserted text> 
                $
l.57 ...ibintoc}, title={\hspace*{6mm}References}]
                                                  
I've inserted a begin-math/end-math symbol since I think
you left one out. Proceed, with fingers crossed.

c:/Users/wongy/OneDrive/p/monash/LabResults/main.tex:57: Missing $ inserted.
<inserted text> 
                $
l.57 ...ibintoc}, title={\hspace*{6mm}References}]
                                                  
I've inserted something that you may have forgotten.
(See the <inserted text> above.)
With luck, this will get me unwedged. But if you
really didn't forget anything, try typing `2' now; then
my insertion and my current dilemma will both disappear.


Overfull \hbox (2.01509pt too wide) in paragraph at lines 57--57
[]\T1/qpl/m/n/10.95 Chris Peik-ert. ^^P  Public-Key Cryp-tosys-tems from the Worst-Case Short-est Vec-
 []


Overfull \hbox (3.41685pt too wide) in paragraph at lines 57--57
[]\T1/qpl/m/n/10.95 Zvika Brak-er-ski. ^^P  Fully Ho-mo-mor-phic En-cryp-tion with-out Mod-u-lus Switch-
 []


Overfull \hbox (5.40019pt too wide) in paragraph at lines 57--57
\T1/qpl/m/it/10.95 phic En-cryp-tion\T1/qpl/m/n/10.95 . Cryp-tol-ogy ePrint Archive, Pa-per 2012/144. 2012. \T1/qpl/m/sc/10.95 url\T1/qpl/m/n/10.95 : [][]$\T1/cmtt/m/n/10.95 https :
 []



[21{C:/Users/wongy/AppData/Local/Programs/MiKTeX/fonts/enc/dvips/tex-gyre/q-ec-sc.enc}]
Overfull \hbox (6.49832pt too wide) in paragraph at lines 57--57
\T1/qpl/m/n/10.95 Ho-mo-mor-phic Sig-na-tures from Stan-dard Lat-tices^^Q. In: \T1/qpl/m/it/10.95 Pro-ceed-ings of the Forty-
 []

\tf@thm=\write6
\openout6 = `main.thm'.



[22] (main.aux)
 ***********
LaTeX2e <2025-06-01> patch level 1
L3 programming layer <2025-07-19>
 ***********


LaTeX Warning: There were undefined references.


LaTeX Warning: Label(s) may have changed. Rerun to get cross-references right.


Package rerunfilecheck Warning: File `main.out' has changed.
(rerunfilecheck)                Rerun to get outlines right
(rerunfilecheck)                or use package `bookmark'.

Package rerunfilecheck Info: Checksums for `main.out':
(rerunfilecheck)             Before: <no file>
(rerunfilecheck)             After:  8F370A823A75052AB71EDC85D6779ED8;5622.

Package biblatex Warning: Please (re)run Biber on the file:
(biblatex)                main
(biblatex)                and rerun LaTeX afterwards.

Package logreq Info: Writing requests to 'main.run.xml'.
\openout1 = `main.run.xml'.

 ) 
Here is how much of TeX's memory you used:
 26320 strings out of 468149
 488347 string characters out of 5431083
 1420024 words of memory out of 5000000
 54447 multiletter control sequences out of 15000+600000
 695140 words of font info for 112 fonts, out of 8000000 for 9000
 1141 hyphenation exceptions out of 8191
 90i,14n,93p,2052b,1592s stack positions out of 10000i,1000n,20000p,200000b,200000s

pdfTeX warning (dest): name{https://www.kaggle.com/dileep070/heart-disease-prediction-using-logistic-regression} has been referenced but does not exist, replaced by a fixed one

 <C:\Users\wongy\AppData\Local\MiKTeX\fonts/pk/ljfour/jknappen/ec/dpi600\ecss1095.pk> <C:\Users\wongy\AppData\Local\MiKTeX\fonts/pk/ljfour/jknappen/ec/dpi600\ectt1095.pk> <C:\Users\wongy\AppData\Local\MiKTeX\fonts/pk/ljfour/jknappen/ec/dpi600\ectt1000.pk><C:/Users/wongy/AppData/Local/Programs/MiKTeX/fonts/type1/public/amsfonts/cm/cmbx10.pfb><C:/Users/wongy/AppData/Local/Programs/MiKTeX/fonts/type1/public/amsfonts/cm/cmbx8.pfb><C:/Users/wongy/AppData/Local/Programs/MiKTeX/fonts/type1/public/amsfonts/cm/cmex10.pfb><C:/Users/wongy/AppData/Local/Programs/MiKTeX/fonts/type1/public/amsfonts/cm/cmmi10.pfb><C:/Users/wongy/AppData/Local/Programs/MiKTeX/fonts/type1/public/amsfonts/cm/cmmi6.pfb><C:/Users/wongy/AppData/Local/Programs/MiKTeX/fonts/type1/public/amsfonts/cm/cmmi8.pfb><C:/Users/wongy/AppData/Local/Programs/MiKTeX/fonts/type1/public/amsfonts/cm/cmmi9.pfb><C:/Users/wongy/AppData/Local/Programs/MiKTeX/fonts/type1/public/amsfonts/cm/cmr10.pfb><C:/Users/wongy/AppData/Local/Programs/MiKTeX/fonts/type1/public/amsfonts/cm/cmr6.pfb><C:/Users/wongy/AppData/Local/Programs/MiKTeX/fonts/type1/public/amsfonts/cm/cmr8.pfb><C:/Users/wongy/AppData/Local/Programs/MiKTeX/fonts/type1/public/amsfonts/cm/cmr9.pfb><C:/Users/wongy/AppData/Local/Programs/MiKTeX/fonts/type1/public/amsfonts/cm/cmsy10.pfb><C:/Users/wongy/AppData/Local/Programs/MiKTeX/fonts/type1/public/amsfonts/cm/cmsy6.pfb><C:/Users/wongy/AppData/Local/Programs/MiKTeX/fonts/type1/public/amsfonts/cm/cmsy8.pfb><C:/Users/wongy/AppData/Local/Programs/MiKTeX/fonts/type1/public/amsfonts/cm/cmsy9.pfb><C:/Users/wongy/AppData/Local/Programs/MiKTeX/fonts/type1/public/amsfonts/symbols/msbm10.pfb><C:/Users/wongy/AppData/Local/Programs/MiKTeX/fonts/type1/public/tex-gyre/qplb.pfb><C:/Users/wongy/AppData/Local/Programs/MiKTeX/fonts/type1/public/tex-gyre/qplbi.pfb><C:/Users/wongy/AppData/Local/Programs/MiKTeX/fonts/type1/public/tex-gyre/qplr.pfb><C:/Users/wongy/AppData/Local/Programs/MiKTeX/fonts/type1/public/tex-gyre/qplri.pfb>
Output written on main.pdf (24 pages, 977764 bytes).
PDF statistics:
 519 PDF objects out of 1000 (max. 8388607)
 108 named destinations out of 1000 (max. 500000)
 61 words of extra memory for PDF output out of 10000 (max. 10000000)

